{"name": "test_LoginWithValidCredentials", "status": "failed", "statusDetails": {"message": "AssertionError", "trace": "self = <testscripts.Test_LoginPage.Test_LoginPage object at 0x000001DE4185A3D0>\n\n    @allure.testcase(\"https://docs.qameta.io/allure/\",\"Valid data test\")\n    @allure.description(\"This testcase verifies user should be logged in successfully\")\n    @allure.feature(\"Login with valid data\")\n    def test_LoginWithValidCredentials(self):\n    \n        self.logger.critical(\"============ testcase test_LoginWithValidCredentials start ==========\")\n        lp = LoginPage(self.driver, self.wait, self.logger)\n        lp.setUsername(\"Admin\")\n        lp.setPassword(\"admin123\")\n>       lp.clickOnLogin()\n\ntestscripts\\Test_LoginPage.py:23: \n_ _ _ _ _ _ _ _ _ _ _ _ _ _ _ _ _ _ _ _ _ _ _ _ _ _ _ _ _ _ _ _ _ _ _ _ _ _ _ _ _ _ _ _ _ _ _ _ _ _ _ _ _ _ _ \npage_objects\\business_logic\\BL_LoginPage.py:37: in clickOnLogin\n    EA.verifyText_click(btn_login,self.wait, self.driver, \" Login \", self.logger)\n_ _ _ _ _ _ _ _ _ _ _ _ _ _ _ _ _ _ _ _ _ _ _ _ _ _ _ _ _ _ _ _ _ _ _ _ _ _ _ _ _ _ _ _ _ _ _ _ _ _ _ _ _ _ _ \n\nelement = <selenium.webdriver.remote.webelement.WebElement (session=\"3be6c67d9ffd5c11336d865c757cfb41\", element=\"F59BD5F1EDC85B06DC778AB2628D12F8_element_5\")>\nwait = <selenium.webdriver.support.wait.WebDriverWait (session=\"3be6c67d9ffd5c11336d865c757cfb41\")>\ndriver = <selenium.webdriver.chrome.webdriver.WebDriver (session=\"3be6c67d9ffd5c11336d865c757cfb41\")>\ntext = ' Login ', logger = <RootLogger root (INFO)>\n\n    @staticmethod\n    def verifyText_click(element:webelement,wait,driver, text:str, logger):\n        wait.until(EC.element_to_be_clickable(element))\n        btn_text = element.text\n        logger.info(btn_text)\n        if btn_text == text:\n            element.click()\n        else:\n            allure.attach(driver.get_screenshot_as_png(),name=btn_text,attachment_type=AttachmentType.PNG)\n>           assert False\nE           AssertionError\n\nutils\\selActionOnWebElements.py:43: AssertionError"}, "description": "This testcase verifies user should be logged in successfully", "steps": [{"name": "Enter username", "status": "passed", "parameters": [{"name": "username", "value": "'Admin'"}], "start": 1694248630555, "stop": 1694248630691}, {"name": "Enter password", "status": "passed", "parameters": [{"name": "password", "value": "'admin123'"}], "start": 1694248630692, "stop": 1694248630829}, {"name": "Click on login button", "status": "failed", "statusDetails": {"message": "AssertionError\n", "trace": "  File \"C:\\Users\\harshada\\AppData\\Local\\Programs\\Python\\Python311\\Lib\\site-packages\\allure_commons\\_allure.py\", line 192, in impl\n    return func(*a, **kw)\n           ^^^^^^^^^^^^^^\n  File \"C:\\Workspace\\Python_Workspace\\com.orangehrmlive.management.hr.ui_automation_selframework\\page_objects\\business_logic\\BL_LoginPage.py\", line 37, in clickOnLogin\n    EA.verifyText_click(btn_login,self.wait, self.driver, \" Login \", self.logger)\n  File \"C:\\Workspace\\Python_Workspace\\com.orangehrmlive.management.hr.ui_automation_selframework\\utils\\selActionOnWebElements.py\", line 43, in verifyText_click\n    assert False\n"}, "attachments": [{"name": "Login", "source": "d069c95c-59a4-47df-a287-ee1a743f6ea6-attachment.png", "type": "image/png"}], "start": 1694248630829, "stop": 1694248631029}], "attachments": [{"name": "log", "source": "66e4b9d3-841f-461e-9322-eb64aa8a8b32-attachment.txt", "type": "text/plain"}], "start": 1694248630555, "stop": 1694248631029, "uuid": "bea97532-1748-4f82-bc55-00a146a9691b", "historyId": "b1f926c0c6ca206c8daf6591d27e91e0", "testCaseId": "b1f926c0c6ca206c8daf6591d27e91e0", "fullName": "testscripts.Test_LoginPage.Test_LoginPage#test_LoginWithValidCredentials", "labels": [{"name": "epic", "value": "Login functionality"}, {"name": "feature", "value": "Login with valid data"}, {"name": "tag", "value": "@pytest.mark.usefixtures('setup&teardown')"}, {"name": "parentSuite", "value": "testscripts"}, {"name": "suite", "value": "Test_LoginPage"}, {"name": "subSuite", "value": "Test_LoginPage"}, {"name": "host", "value": "OmSaiSamarth"}, {"name": "thread", "value": "14652-MainThread"}, {"name": "framework", "value": "pytest"}, {"name": "language", "value": "cpython3"}, {"name": "package", "value": "testscripts.Test_LoginPage"}], "links": [{"type": "tms", "url": "https://docs.qameta.io/allure/", "name": "Valid data test"}]}